<?xml version="1.0" encoding="UTF-8"?>
<testng-results ignored="0" total="1" passed="1" failed="0" skipped="0">
  <reporter-output>
  </reporter-output>
  <suite started-at="2024-03-16T13:36:18 IST" name="Default suite" finished-at="2024-03-16T13:36:47 IST" duration-ms="28723">
    <groups>
      <group name="cucumber">
        <method signature="AbstractTestNGCucumberTests.runScenario(io.cucumber.testng.PickleWrapper,io.cucumber.testng.FeatureWrapper)[pri:0, instance:runnerClass.RunnerIO@738dc9b]" name="runScenario" class="io.cucumber.testng.AbstractTestNGCucumberTests"/>
      </group> <!-- cucumber -->
    </groups>
    <test started-at="2024-03-16T13:36:18 IST" name="Default test" finished-at="2024-03-16T13:36:47 IST" duration-ms="28723">
      <class name="runnerClass.RunnerIO">
        <test-method is-config="true" signature="setUpClass(org.testng.ITestContext)[pri:0, instance:runnerClass.RunnerIO@738dc9b]" started-at="2024-03-16T13:36:18 IST" name="setUpClass" finished-at="2024-03-16T13:36:18 IST" duration-ms="303" status="PASS">
          <params>
            <param index="0">
              <value>
                <![CDATA[org.testng.TestRunner@70228253]]>
              </value>
            </param>
          </params>
          <reporter-output>
          </reporter-output>
        </test-method> <!-- setUpClass -->
        <test-method signature="runScenario(io.cucumber.testng.PickleWrapper,io.cucumber.testng.FeatureWrapper)[pri:0, instance:runnerClass.RunnerIO@738dc9b]" started-at="2024-03-16T13:36:18 IST" name="runScenario" description="Runs Cucumber Scenarios" data-provider="scenarios" finished-at="2024-03-16T13:36:47 IST" duration-ms="28363" status="PASS">
          <params>
            <param index="0">
              <value>
                <![CDATA["Login to Application with Valid Credentials"]]>
              </value>
            </param>
            <param index="1">
              <value>
                <![CDATA["Login to Vtiger Application"]]>
              </value>
            </param>
          </params>
          <reporter-output>
          </reporter-output>
        </test-method> <!-- runScenario -->
        <test-method is-config="true" signature="tearDownClass()[pri:0, instance:runnerClass.RunnerIO@738dc9b]" started-at="2024-03-16T13:36:47 IST" name="tearDownClass" finished-at="2024-03-16T13:36:47 IST" duration-ms="3" status="PASS">
          <reporter-output>
          </reporter-output>
        </test-method> <!-- tearDownClass -->
      </class> <!-- runnerClass.RunnerIO -->
    </test> <!-- Default test -->
  </suite> <!-- Default suite -->
</testng-results>
